10:14:10 **** Incremental Build of configuration Debug for project Kinetis ****
make all 
Building file: ../Static_Code/System/CPU_Init.c
Invoking: Cross ARM C Compiler
arm-none-eabi-gcc -mcpu=cortex-m4 -mthumb -mfloat-abi=hard -mfpu=fpv4-sp-d16 -O0 -fmessage-length=0 -fsigned-char -ffunction-sections -fdata-sections  -g3 -I"C:/Users/Will/Desktop/Uni/Year 2/SP 2/CC2511/Assignment 2/Code/Kinetis/Static_Code/System" -I"C:/Users/Will/Desktop/Uni/Year 2/SP 2/CC2511/Assignment 2/Code/Kinetis/Static_Code/PDD" -I"C:/Users/Will/Desktop/Uni/Year 2/SP 2/CC2511/Assignment 2/Code/Kinetis/Static_Code/IO_Map" -I"C:\Freescale\KDS_v3\eclipse\ProcessorExpert/lib/Kinetis/pdd/inc" -I"C:/Users/Will/Desktop/Uni/Year 2/SP 2/CC2511/Assignment 2/Code/Kinetis/Sources" -I"C:/Users/Will/Desktop/Uni/Year 2/SP 2/CC2511/Assignment 2/Code/Kinetis/Generated_Code" -std=c99 -MMD -MP -MF"Static_Code/System/CPU_Init.d" -MT"Static_Code/System/CPU_Init.o" -c -o "Static_Code/System/CPU_Init.o" "../Static_Code/System/CPU_Init.c"
Finished building: ../Static_Code/System/CPU_Init.c
 
Building file: ../Static_Code/System/Peripherals_Init.c
Invoking: Cross ARM C Compiler
arm-none-eabi-gcc -mcpu=cortex-m4 -mthumb -mfloat-abi=hard -mfpu=fpv4-sp-d16 -O0 -fmessage-length=0 -fsigned-char -ffunction-sections -fdata-sections  -g3 -I"C:/Users/Will/Desktop/Uni/Year 2/SP 2/CC2511/Assignment 2/Code/Kinetis/Static_Code/System" -I"C:/Users/Will/Desktop/Uni/Year 2/SP 2/CC2511/Assignment 2/Code/Kinetis/Static_Code/PDD" -I"C:/Users/Will/Desktop/Uni/Year 2/SP 2/CC2511/Assignment 2/Code/Kinetis/Static_Code/IO_Map" -I"C:\Freescale\KDS_v3\eclipse\ProcessorExpert/lib/Kinetis/pdd/inc" -I"C:/Users/Will/Desktop/Uni/Year 2/SP 2/CC2511/Assignment 2/Code/Kinetis/Sources" -I"C:/Users/Will/Desktop/Uni/Year 2/SP 2/CC2511/Assignment 2/Code/Kinetis/Generated_Code" -std=c99 -MMD -MP -MF"Static_Code/System/Peripherals_Init.d" -MT"Static_Code/System/Peripherals_Init.o" -c -o "Static_Code/System/Peripherals_Init.o" "../Static_Code/System/Peripherals_Init.c"
Finished building: ../Static_Code/System/Peripherals_Init.c
 
Building file: ../Static_Code/System/Vectors.c
Invoking: Cross ARM C Compiler
arm-none-eabi-gcc -mcpu=cortex-m4 -mthumb -mfloat-abi=hard -mfpu=fpv4-sp-d16 -O0 -fmessage-length=0 -fsigned-char -ffunction-sections -fdata-sections  -g3 -I"C:/Users/Will/Desktop/Uni/Year 2/SP 2/CC2511/Assignment 2/Code/Kinetis/Static_Code/System" -I"C:/Users/Will/Desktop/Uni/Year 2/SP 2/CC2511/Assignment 2/Code/Kinetis/Static_Code/PDD" -I"C:/Users/Will/Desktop/Uni/Year 2/SP 2/CC2511/Assignment 2/Code/Kinetis/Static_Code/IO_Map" -I"C:\Freescale\KDS_v3\eclipse\ProcessorExpert/lib/Kinetis/pdd/inc" -I"C:/Users/Will/Desktop/Uni/Year 2/SP 2/CC2511/Assignment 2/Code/Kinetis/Sources" -I"C:/Users/Will/Desktop/Uni/Year 2/SP 2/CC2511/Assignment 2/Code/Kinetis/Generated_Code" -std=c99 -MMD -MP -MF"Static_Code/System/Vectors.d" -MT"Static_Code/System/Vectors.o" -c -o "Static_Code/System/Vectors.o" "../Static_Code/System/Vectors.c"
Finished building: ../Static_Code/System/Vectors.c
 
Building file: ../Sources/Events.c
Invoking: Cross ARM C Compiler
arm-none-eabi-gcc -mcpu=cortex-m4 -mthumb -mfloat-abi=hard -mfpu=fpv4-sp-d16 -O0 -fmessage-length=0 -fsigned-char -ffunction-sections -fdata-sections  -g3 -I"C:/Users/Will/Desktop/Uni/Year 2/SP 2/CC2511/Assignment 2/Code/Kinetis/Static_Code/System" -I"C:/Users/Will/Desktop/Uni/Year 2/SP 2/CC2511/Assignment 2/Code/Kinetis/Static_Code/PDD" -I"C:/Users/Will/Desktop/Uni/Year 2/SP 2/CC2511/Assignment 2/Code/Kinetis/Static_Code/IO_Map" -I"C:\Freescale\KDS_v3\eclipse\ProcessorExpert/lib/Kinetis/pdd/inc" -I"C:/Users/Will/Desktop/Uni/Year 2/SP 2/CC2511/Assignment 2/Code/Kinetis/Sources" -I"C:/Users/Will/Desktop/Uni/Year 2/SP 2/CC2511/Assignment 2/Code/Kinetis/Generated_Code" -std=c99 -MMD -MP -MF"Sources/Events.d" -MT"Sources/Events.o" -c -o "Sources/Events.o" "../Sources/Events.c"
Finished building: ../Sources/Events.c
 
Building file: ../Sources/main.c
Invoking: Cross ARM C Compiler
arm-none-eabi-gcc -mcpu=cortex-m4 -mthumb -mfloat-abi=hard -mfpu=fpv4-sp-d16 -O0 -fmessage-length=0 -fsigned-char -ffunction-sections -fdata-sections  -g3 -I"C:/Users/Will/Desktop/Uni/Year 2/SP 2/CC2511/Assignment 2/Code/Kinetis/Static_Code/System" -I"C:/Users/Will/Desktop/Uni/Year 2/SP 2/CC2511/Assignment 2/Code/Kinetis/Static_Code/PDD" -I"C:/Users/Will/Desktop/Uni/Year 2/SP 2/CC2511/Assignment 2/Code/Kinetis/Static_Code/IO_Map" -I"C:\Freescale\KDS_v3\eclipse\ProcessorExpert/lib/Kinetis/pdd/inc" -I"C:/Users/Will/Desktop/Uni/Year 2/SP 2/CC2511/Assignment 2/Code/Kinetis/Sources" -I"C:/Users/Will/Desktop/Uni/Year 2/SP 2/CC2511/Assignment 2/Code/Kinetis/Generated_Code" -std=c99 -MMD -MP -MF"Sources/main.d" -MT"Sources/main.o" -c -o "Sources/main.o" "../Sources/main.c"
../Sources/main.c: In function 'main':
../Sources/main.c:96:4: warning: passing argument 1 of 'Terminal_SendStr' discards 'volatile' qualifier from pointer target type [enabled by default]
    Terminal_SendStr(buffer);
    ^
In file included from ../Sources/Events.h:44:0,
                 from ../Sources/main.c:31:
C:/Users/Will/Desktop/Uni/Year 2/SP 2/CC2511/Assignment 2/Code/Kinetis/Generated_Code/Terminal.h:135:6: note: expected 'void *' but argument is of type 'volatile char *'
 void Terminal_SendStr(void *str);
      ^
Finished building: ../Sources/main.c
 
Building file: ../Generated_Code/ASerialLdd1.c
Invoking: Cross ARM C Compiler
arm-none-eabi-gcc -mcpu=cortex-m4 -mthumb -mfloat-abi=hard -mfpu=fpv4-sp-d16 -O0 -fmessage-length=0 -fsigned-char -ffunction-sections -fdata-sections  -g3 -I"C:/Users/Will/Desktop/Uni/Year 2/SP 2/CC2511/Assignment 2/Code/Kinetis/Static_Code/System" -I"C:/Users/Will/Desktop/Uni/Year 2/SP 2/CC2511/Assignment 2/Code/Kinetis/Static_Code/PDD" -I"C:/Users/Will/Desktop/Uni/Year 2/SP 2/CC2511/Assignment 2/Code/Kinetis/Static_Code/IO_Map" -I"C:\Freescale\KDS_v3\eclipse\ProcessorExpert/lib/Kinetis/pdd/inc" -I"C:/Users/Will/Desktop/Uni/Year 2/SP 2/CC2511/Assignment 2/Code/Kinetis/Sources" -I"C:/Users/Will/Desktop/Uni/Year 2/SP 2/CC2511/Assignment 2/Code/Kinetis/Generated_Code" -std=c99 -MMD -MP -MF"Generated_Code/ASerialLdd1.d" -MT"Generated_Code/ASerialLdd1.o" -c -o "Generated_Code/ASerialLdd1.o" "../Generated_Code/ASerialLdd1.c"
Finished building: ../Generated_Code/ASerialLdd1.c
 
Building file: ../Generated_Code/Cpu.c
Invoking: Cross ARM C Compiler
arm-none-eabi-gcc -mcpu=cortex-m4 -mthumb -mfloat-abi=hard -mfpu=fpv4-sp-d16 -O0 -fmessage-length=0 -fsigned-char -ffunction-sections -fdata-sections  -g3 -I"C:/Users/Will/Desktop/Uni/Year 2/SP 2/CC2511/Assignment 2/Code/Kinetis/Static_Code/System" -I"C:/Users/Will/Desktop/Uni/Year 2/SP 2/CC2511/Assignment 2/Code/Kinetis/Static_Code/PDD" -I"C:/Users/Will/Desktop/Uni/Year 2/SP 2/CC2511/Assignment 2/Code/Kinetis/Static_Code/IO_Map" -I"C:\Freescale\KDS_v3\eclipse\ProcessorExpert/lib/Kinetis/pdd/inc" -I"C:/Users/Will/Desktop/Uni/Year 2/SP 2/CC2511/Assignment 2/Code/Kinetis/Sources" -I"C:/Users/Will/Desktop/Uni/Year 2/SP 2/CC2511/Assignment 2/Code/Kinetis/Generated_Code" -std=c99 -MMD -MP -MF"Generated_Code/Cpu.d" -MT"Generated_Code/Cpu.o" -c -o "Generated_Code/Cpu.o" "../Generated_Code/Cpu.c"
Finished building: ../Generated_Code/Cpu.c
 
Building file: ../Generated_Code/ExtIntLdd1.c
Invoking: Cross ARM C Compiler
arm-none-eabi-gcc -mcpu=cortex-m4 -mthumb -mfloat-abi=hard -mfpu=fpv4-sp-d16 -O0 -fmessage-length=0 -fsigned-char -ffunction-sections -fdata-sections  -g3 -I"C:/Users/Will/Desktop/Uni/Year 2/SP 2/CC2511/Assignment 2/Code/Kinetis/Static_Code/System" -I"C:/Users/Will/Desktop/Uni/Year 2/SP 2/CC2511/Assignment 2/Code/Kinetis/Static_Code/PDD" -I"C:/Users/Will/Desktop/Uni/Year 2/SP 2/CC2511/Assignment 2/Code/Kinetis/Static_Code/IO_Map" -I"C:\Freescale\KDS_v3\eclipse\ProcessorExpert/lib/Kinetis/pdd/inc" -I"C:/Users/Will/Desktop/Uni/Year 2/SP 2/CC2511/Assignment 2/Code/Kinetis/Sources" -I"C:/Users/Will/Desktop/Uni/Year 2/SP 2/CC2511/Assignment 2/Code/Kinetis/Generated_Code" -std=c99 -MMD -MP -MF"Generated_Code/ExtIntLdd1.d" -MT"Generated_Code/ExtIntLdd1.o" -c -o "Generated_Code/ExtIntLdd1.o" "../Generated_Code/ExtIntLdd1.c"
Finished building: ../Generated_Code/ExtIntLdd1.c
 
Building file: ../Generated_Code/GreenPWM.c
Invoking: Cross ARM C Compiler
arm-none-eabi-gcc -mcpu=cortex-m4 -mthumb -mfloat-abi=hard -mfpu=fpv4-sp-d16 -O0 -fmessage-length=0 -fsigned-char -ffunction-sections -fdata-sections  -g3 -I"C:/Users/Will/Desktop/Uni/Year 2/SP 2/CC2511/Assignment 2/Code/Kinetis/Static_Code/System" -I"C:/Users/Will/Desktop/Uni/Year 2/SP 2/CC2511/Assignment 2/Code/Kinetis/Static_Code/PDD" -I"C:/Users/Will/Desktop/Uni/Year 2/SP 2/CC2511/Assignment 2/Code/Kinetis/Static_Code/IO_Map" -I"C:\Freescale\KDS_v3\eclipse\ProcessorExpert/lib/Kinetis/pdd/inc" -I"C:/Users/Will/Desktop/Uni/Year 2/SP 2/CC2511/Assignment 2/Code/Kinetis/Sources" -I"C:/Users/Will/Desktop/Uni/Year 2/SP 2/CC2511/Assignment 2/Code/Kinetis/Generated_Code" -std=c99 -MMD -MP -MF"Generated_Code/GreenPWM.d" -MT"Generated_Code/GreenPWM.o" -c -o "Generated_Code/GreenPWM.o" "../Generated_Code/GreenPWM.c"
Finished building: ../Generated_Code/GreenPWM.c
 
Building file: ../Generated_Code/Inhr1.c
Invoking: Cross ARM C Compiler
arm-none-eabi-gcc -mcpu=cortex-m4 -mthumb -mfloat-abi=hard -mfpu=fpv4-sp-d16 -O0 -fmessage-length=0 -fsigned-char -ffunction-sections -fdata-sections  -g3 -I"C:/Users/Will/Desktop/Uni/Year 2/SP 2/CC2511/Assignment 2/Code/Kinetis/Static_Code/System" -I"C:/Users/Will/Desktop/Uni/Year 2/SP 2/CC2511/Assignment 2/Code/Kinetis/Static_Code/PDD" -I"C:/Users/Will/Desktop/Uni/Year 2/SP 2/CC2511/Assignment 2/Code/Kinetis/Static_Code/IO_Map" -I"C:\Freescale\KDS_v3\eclipse\ProcessorExpert/lib/Kinetis/pdd/inc" -I"C:/Users/Will/Desktop/Uni/Year 2/SP 2/CC2511/Assignment 2/Code/Kinetis/Sources" -I"C:/Users/Will/Desktop/Uni/Year 2/SP 2/CC2511/Assignment 2/Code/Kinetis/Generated_Code" -std=c99 -MMD -MP -MF"Generated_Code/Inhr1.d" -MT"Generated_Code/Inhr1.o" -c -o "Generated_Code/Inhr1.o" "../Generated_Code/Inhr1.c"
Finished building: ../Generated_Code/Inhr1.c
 
Building file: ../Generated_Code/PE_LDD.c
Invoking: Cross ARM C Compiler
arm-none-eabi-gcc -mcpu=cortex-m4 -mthumb -mfloat-abi=hard -mfpu=fpv4-sp-d16 -O0 -fmessage-length=0 -fsigned-char -ffunction-sections -fdata-sections  -g3 -I"C:/Users/Will/Desktop/Uni/Year 2/SP 2/CC2511/Assignment 2/Code/Kinetis/Static_Code/System" -I"C:/Users/Will/Desktop/Uni/Year 2/SP 2/CC2511/Assignment 2/Code/Kinetis/Static_Code/PDD" -I"C:/Users/Will/Desktop/Uni/Year 2/SP 2/CC2511/Assignment 2/Code/Kinetis/Static_Code/IO_Map" -I"C:\Freescale\KDS_v3\eclipse\ProcessorExpert/lib/Kinetis/pdd/inc" -I"C:/Users/Will/Desktop/Uni/Year 2/SP 2/CC2511/Assignment 2/Code/Kinetis/Sources" -I"C:/Users/Will/Desktop/Uni/Year 2/SP 2/CC2511/Assignment 2/Code/Kinetis/Generated_Code" -std=c99 -MMD -MP -MF"Generated_Code/PE_LDD.d" -MT"Generated_Code/PE_LDD.o" -c -o "Generated_Code/PE_LDD.o" "../Generated_Code/PE_LDD.c"
Finished building: ../Generated_Code/PE_LDD.c
 
Building file: ../Generated_Code/Pins1.c
Invoking: Cross ARM C Compiler
arm-none-eabi-gcc -mcpu=cortex-m4 -mthumb -mfloat-abi=hard -mfpu=fpv4-sp-d16 -O0 -fmessage-length=0 -fsigned-char -ffunction-sections -fdata-sections  -g3 -I"C:/Users/Will/Desktop/Uni/Year 2/SP 2/CC2511/Assignment 2/Code/Kinetis/Static_Code/System" -I"C:/Users/Will/Desktop/Uni/Year 2/SP 2/CC2511/Assignment 2/Code/Kinetis/Static_Code/PDD" -I"C:/Users/Will/Desktop/Uni/Year 2/SP 2/CC2511/Assignment 2/Code/Kinetis/Static_Code/IO_Map" -I"C:\Freescale\KDS_v3\eclipse\ProcessorExpert/lib/Kinetis/pdd/inc" -I"C:/Users/Will/Desktop/Uni/Year 2/SP 2/CC2511/Assignment 2/Code/Kinetis/Sources" -I"C:/Users/Will/Desktop/Uni/Year 2/SP 2/CC2511/Assignment 2/Code/Kinetis/Generated_Code" -std=c99 -MMD -MP -MF"Generated_Code/Pins1.d" -MT"Generated_Code/Pins1.o" -c -o "Generated_Code/Pins1.o" "../Generated_Code/Pins1.c"
Finished building: ../Generated_Code/Pins1.c
 
Building file: ../Generated_Code/PwmLdd1.c
Invoking: Cross ARM C Compiler
arm-none-eabi-gcc -mcpu=cortex-m4 -mthumb -mfloat-abi=hard -mfpu=fpv4-sp-d16 -O0 -fmessage-length=0 -fsigned-char -ffunction-sections -fdata-sections  -g3 -I"C:/Users/Will/Desktop/Uni/Year 2/SP 2/CC2511/Assignment 2/Code/Kinetis/Static_Code/System" -I"C:/Users/Will/Desktop/Uni/Year 2/SP 2/CC2511/Assignment 2/Code/Kinetis/Static_Code/PDD" -I"C:/Users/Will/Desktop/Uni/Year 2/SP 2/CC2511/Assignment 2/Code/Kinetis/Static_Code/IO_Map" -I"C:\Freescale\KDS_v3\eclipse\ProcessorExpert/lib/Kinetis/pdd/inc" -I"C:/Users/Will/Desktop/Uni/Year 2/SP 2/CC2511/Assignment 2/Code/Kinetis/Sources" -I"C:/Users/Will/Desktop/Uni/Year 2/SP 2/CC2511/Assignment 2/Code/Kinetis/Generated_Code" -std=c99 -MMD -MP -MF"Generated_Code/PwmLdd1.d" -MT"Generated_Code/PwmLdd1.o" -c -o "Generated_Code/PwmLdd1.o" "../Generated_Code/PwmLdd1.c"
Finished building: ../Generated_Code/PwmLdd1.c
 
Building file: ../Generated_Code/PwmLdd2.c
Invoking: Cross ARM C Compiler
arm-none-eabi-gcc -mcpu=cortex-m4 -mthumb -mfloat-abi=hard -mfpu=fpv4-sp-d16 -O0 -fmessage-length=0 -fsigned-char -ffunction-sections -fdata-sections  -g3 -I"C:/Users/Will/Desktop/Uni/Year 2/SP 2/CC2511/Assignment 2/Code/Kinetis/Static_Code/System" -I"C:/Users/Will/Desktop/Uni/Year 2/SP 2/CC2511/Assignment 2/Code/Kinetis/Static_Code/PDD" -I"C:/Users/Will/Desktop/Uni/Year 2/SP 2/CC2511/Assignment 2/Code/Kinetis/Static_Code/IO_Map" -I"C:\Freescale\KDS_v3\eclipse\ProcessorExpert/lib/Kinetis/pdd/inc" -I"C:/Users/Will/Desktop/Uni/Year 2/SP 2/CC2511/Assignment 2/Code/Kinetis/Sources" -I"C:/Users/Will/Desktop/Uni/Year 2/SP 2/CC2511/Assignment 2/Code/Kinetis/Generated_Code" -std=c99 -MMD -MP -MF"Generated_Code/PwmLdd2.d" -MT"Generated_Code/PwmLdd2.o" -c -o "Generated_Code/PwmLdd2.o" "../Generated_Code/PwmLdd2.c"
Finished building: ../Generated_Code/PwmLdd2.c
 
Building file: ../Generated_Code/RedPWM.c
Invoking: Cross ARM C Compiler
arm-none-eabi-gcc -mcpu=cortex-m4 -mthumb -mfloat-abi=hard -mfpu=fpv4-sp-d16 -O0 -fmessage-length=0 -fsigned-char -ffunction-sections -fdata-sections  -g3 -I"C:/Users/Will/Desktop/Uni/Year 2/SP 2/CC2511/Assignment 2/Code/Kinetis/Static_Code/System" -I"C:/Users/Will/Desktop/Uni/Year 2/SP 2/CC2511/Assignment 2/Code/Kinetis/Static_Code/PDD" -I"C:/Users/Will/Desktop/Uni/Year 2/SP 2/CC2511/Assignment 2/Code/Kinetis/Static_Code/IO_Map" -I"C:\Freescale\KDS_v3\eclipse\ProcessorExpert/lib/Kinetis/pdd/inc" -I"C:/Users/Will/Desktop/Uni/Year 2/SP 2/CC2511/Assignment 2/Code/Kinetis/Sources" -I"C:/Users/Will/Desktop/Uni/Year 2/SP 2/CC2511/Assignment 2/Code/Kinetis/Generated_Code" -std=c99 -MMD -MP -MF"Generated_Code/RedPWM.d" -MT"Generated_Code/RedPWM.o" -c -o "Generated_Code/RedPWM.o" "../Generated_Code/RedPWM.c"
Finished building: ../Generated_Code/RedPWM.c
 
Building file: ../Generated_Code/TU1.c
Invoking: Cross ARM C Compiler
arm-none-eabi-gcc -mcpu=cortex-m4 -mthumb -mfloat-abi=hard -mfpu=fpv4-sp-d16 -O0 -fmessage-length=0 -fsigned-char -ffunction-sections -fdata-sections  -g3 -I"C:/Users/Will/Desktop/Uni/Year 2/SP 2/CC2511/Assignment 2/Code/Kinetis/Static_Code/System" -I"C:/Users/Will/Desktop/Uni/Year 2/SP 2/CC2511/Assignment 2/Code/Kinetis/Static_Code/PDD" -I"C:/Users/Will/Desktop/Uni/Year 2/SP 2/CC2511/Assignment 2/Code/Kinetis/Static_Code/IO_Map" -I"C:\Freescale\KDS_v3\eclipse\ProcessorExpert/lib/Kinetis/pdd/inc" -I"C:/Users/Will/Desktop/Uni/Year 2/SP 2/CC2511/Assignment 2/Code/Kinetis/Sources" -I"C:/Users/Will/Desktop/Uni/Year 2/SP 2/CC2511/Assignment 2/Code/Kinetis/Generated_Code" -std=c99 -MMD -MP -MF"Generated_Code/TU1.d" -MT"Generated_Code/TU1.o" -c -o "Generated_Code/TU1.o" "../Generated_Code/TU1.c"
Finished building: ../Generated_Code/TU1.c
 
Building file: ../Generated_Code/Terminal.c
Invoking: Cross ARM C Compiler
arm-none-eabi-gcc -mcpu=cortex-m4 -mthumb -mfloat-abi=hard -mfpu=fpv4-sp-d16 -O0 -fmessage-length=0 -fsigned-char -ffunction-sections -fdata-sections  -g3 -I"C:/Users/Will/Desktop/Uni/Year 2/SP 2/CC2511/Assignment 2/Code/Kinetis/Static_Code/System" -I"C:/Users/Will/Desktop/Uni/Year 2/SP 2/CC2511/Assignment 2/Code/Kinetis/Static_Code/PDD" -I"C:/Users/Will/Desktop/Uni/Year 2/SP 2/CC2511/Assignment 2/Code/Kinetis/Static_Code/IO_Map" -I"C:\Freescale\KDS_v3\eclipse\ProcessorExpert/lib/Kinetis/pdd/inc" -I"C:/Users/Will/Desktop/Uni/Year 2/SP 2/CC2511/Assignment 2/Code/Kinetis/Sources" -I"C:/Users/Will/Desktop/Uni/Year 2/SP 2/CC2511/Assignment 2/Code/Kinetis/Generated_Code" -std=c99 -MMD -MP -MF"Generated_Code/Terminal.d" -MT"Generated_Code/Terminal.o" -c -o "Generated_Code/Terminal.o" "../Generated_Code/Terminal.c"
Finished building: ../Generated_Code/Terminal.c
 
Building file: ../Generated_Code/fault.c
Invoking: Cross ARM C Compiler
arm-none-eabi-gcc -mcpu=cortex-m4 -mthumb -mfloat-abi=hard -mfpu=fpv4-sp-d16 -O0 -fmessage-length=0 -fsigned-char -ffunction-sections -fdata-sections  -g3 -I"C:/Users/Will/Desktop/Uni/Year 2/SP 2/CC2511/Assignment 2/Code/Kinetis/Static_Code/System" -I"C:/Users/Will/Desktop/Uni/Year 2/SP 2/CC2511/Assignment 2/Code/Kinetis/Static_Code/PDD" -I"C:/Users/Will/Desktop/Uni/Year 2/SP 2/CC2511/Assignment 2/Code/Kinetis/Static_Code/IO_Map" -I"C:\Freescale\KDS_v3\eclipse\ProcessorExpert/lib/Kinetis/pdd/inc" -I"C:/Users/Will/Desktop/Uni/Year 2/SP 2/CC2511/Assignment 2/Code/Kinetis/Sources" -I"C:/Users/Will/Desktop/Uni/Year 2/SP 2/CC2511/Assignment 2/Code/Kinetis/Generated_Code" -std=c99 -MMD -MP -MF"Generated_Code/fault.d" -MT"Generated_Code/fault.o" -c -o "Generated_Code/fault.o" "../Generated_Code/fault.c"
Finished building: ../Generated_Code/fault.c
 
Building target: Kinetis.elf
Invoking: Cross ARM C++ Linker
arm-none-eabi-g++ -mcpu=cortex-m4 -mthumb -mfloat-abi=hard -mfpu=fpv4-sp-d16 -O0 -fmessage-length=0 -fsigned-char -ffunction-sections -fdata-sections  -g3 -T "C:/Users/Will/Desktop/Uni/Year 2/SP 2/CC2511/Assignment 2/Code/Kinetis/Project_Settings/Linker_Files/ProcessorExpert.ld" -Xlinker --gc-sections -L"C:/Users/Will/Desktop/Uni/Year 2/SP 2/CC2511/Assignment 2/Code/Kinetis/Project_Settings/Linker_Files" -Wl,-Map,"Kinetis.map" -specs=nano.specs -specs=nosys.specs -o "Kinetis.elf"  ./Static_Code/System/CPU_Init.o ./Static_Code/System/Peripherals_Init.o ./Static_Code/System/Vectors.o  ./Sources/Events.o ./Sources/main.o  ./Project_Settings/Startup_Code/startup.o  ./Generated_Code/ASerialLdd1.o ./Generated_Code/Cpu.o ./Generated_Code/ExtIntLdd1.o ./Generated_Code/GreenPWM.o ./Generated_Code/Inhr1.o ./Generated_Code/PE_LDD.o ./Generated_Code/Pins1.o ./Generated_Code/PwmLdd1.o ./Generated_Code/PwmLdd2.o ./Generated_Code/RedPWM.o ./Generated_Code/TU1.o ./Generated_Code/Terminal.o ./Generated_Code/fault.o   
Finished building target: Kinetis.elf
 
10:14:38 **** Incremental Build of configuration Debug for project Kinetis ****
make all 
Building file: ../Sources/main.c
Invoking: Cross ARM C Compiler
arm-none-eabi-gcc -mcpu=cortex-m4 -mthumb -mfloat-abi=hard -mfpu=fpv4-sp-d16 -O0 -fmessage-length=0 -fsigned-char -ffunction-sections -fdata-sections  -g3 -I"C:/Users/Will/Desktop/Uni/Year 2/SP 2/CC2511/Assignment 2/Code/Kinetis/Static_Code/System" -I"C:/Users/Will/Desktop/Uni/Year 2/SP 2/CC2511/Assignment 2/Code/Kinetis/Static_Code/PDD" -I"C:/Users/Will/Desktop/Uni/Year 2/SP 2/CC2511/Assignment 2/Code/Kinetis/Static_Code/IO_Map" -I"C:\Freescale\KDS_v3\eclipse\ProcessorExpert/lib/Kinetis/pdd/inc" -I"C:/Users/Will/Desktop/Uni/Year 2/SP 2/CC2511/Assignment 2/Code/Kinetis/Sources" -I"C:/Users/Will/Desktop/Uni/Year 2/SP 2/CC2511/Assignment 2/Code/Kinetis/Generated_Code" -std=c99 -MMD -MP -MF"Sources/main.d" -MT"Sources/main.o" -c -o "Sources/main.o" "../Sources/main.c"
../Sources/main.c: In function 'main':
../Sources/main.c:96:4: warning: passing argument 1 of 'Terminal_SendStr' discards 'volatile' qualifier from pointer target type [enabled by default]
    Terminal_SendStr(buffer);
    ^
In file included from ../Sources/Events.h:44:0,
                 from ../Sources/main.c:31:
C:/Users/Will/Desktop/Uni/Year 2/SP 2/CC2511/Assignment 2/Code/Kinetis/Generated_Code/Terminal.h:135:6: note: expected 'void *' but argument is of type 'volatile char *'
 void Terminal_SendStr(void *str);
      ^
Finished building: ../Sources/main.c
 
Building target: Kinetis.elf
Invoking: Cross ARM C++ Linker
arm-none-eabi-g++ -mcpu=cortex-m4 -mthumb -mfloat-abi=hard -mfpu=fpv4-sp-d16 -O0 -fmessage-length=0 -fsigned-char -ffunction-sections -fdata-sections  -g3 -T "C:/Users/Will/Desktop/Uni/Year 2/SP 2/CC2511/Assignment 2/Code/Kinetis/Project_Settings/Linker_Files/ProcessorExpert.ld" -Xlinker --gc-sections -L"C:/Users/Will/Desktop/Uni/Year 2/SP 2/CC2511/Assignment 2/Code/Kinetis/Project_Settings/Linker_Files" -Wl,-Map,"Kinetis.map" -specs=nano.specs -specs=nosys.specs -o "Kinetis.elf"  ./Static_Code/System/CPU_Init.o ./Static_Code/System/Peripherals_Init.o ./Static_Code/System/Vectors.o  ./Sources/Events.o ./Sources/main.o  ./Project_Settings/Startup_Code/startup.o  ./Generated_Code/ASerialLdd1.o ./Generated_Code/Cpu.o ./Generated_Code/ExtIntLdd1.o ./Generated_Code/GreenPWM.o ./Generated_Code/Inhr1.o ./Generated_Code/PE_LDD.o ./Generated_Code/Pins1.o ./Generated_Code/PwmLdd1.o ./Generated_Code/PwmLdd2.o ./Generated_Code/RedPWM.o ./Generated_Code/TU1.o ./Generated_Code/Terminal.o ./Generated_Code/fault.o   
Finished building target: Kinetis.elf
 
10:16:35 **** Incremental Build of configuration Debug for project Kinetis ****
make all 
Building file: ../Sources/main.c
Invoking: Cross ARM C Compiler
arm-none-eabi-gcc -mcpu=cortex-m4 -mthumb -mfloat-abi=hard -mfpu=fpv4-sp-d16 -O0 -fmessage-length=0 -fsigned-char -ffunction-sections -fdata-sections  -g3 -I"C:/Users/Will/Desktop/Uni/Year 2/SP 2/CC2511/Assignment 2/Code/Kinetis/Static_Code/System" -I"C:/Users/Will/Desktop/Uni/Year 2/SP 2/CC2511/Assignment 2/Code/Kinetis/Static_Code/PDD" -I"C:/Users/Will/Desktop/Uni/Year 2/SP 2/CC2511/Assignment 2/Code/Kinetis/Static_Code/IO_Map" -I"C:\Freescale\KDS_v3\eclipse\ProcessorExpert/lib/Kinetis/pdd/inc" -I"C:/Users/Will/Desktop/Uni/Year 2/SP 2/CC2511/Assignment 2/Code/Kinetis/Sources" -I"C:/Users/Will/Desktop/Uni/Year 2/SP 2/CC2511/Assignment 2/Code/Kinetis/Generated_Code" -std=c99 -MMD -MP -MF"Sources/main.d" -MT"Sources/main.o" -c -o "Sources/main.o" "../Sources/main.c"
../Sources/main.c: In function 'main':
../Sources/main.c:92:4: warning: passing argument 1 of 'Terminal_SendStr' discards 'volatile' qualifier from pointer target type [enabled by default]
    Terminal_SendStr(buffer);
    ^
In file included from ../Sources/Events.h:44:0,
                 from ../Sources/main.c:31:
C:/Users/Will/Desktop/Uni/Year 2/SP 2/CC2511/Assignment 2/Code/Kinetis/Generated_Code/Terminal.h:135:6: note: expected 'void *' but argument is of type 'volatile char *'
 void Terminal_SendStr(void *str);
      ^
Finished building: ../Sources/main.c
 
Building target: Kinetis.elf
Invoking: Cross ARM C++ Linker
arm-none-eabi-g++ -mcpu=cortex-m4 -mthumb -mfloat-abi=hard -mfpu=fpv4-sp-d16 -O0 -fmessage-length=0 -fsigned-char -ffunction-sections -fdata-sections  -g3 -T "C:/Users/Will/Desktop/Uni/Year 2/SP 2/CC2511/Assignment 2/Code/Kinetis/Project_Settings/Linker_Files/ProcessorExpert.ld" -Xlinker --gc-sections -L"C:/Users/Will/Desktop/Uni/Year 2/SP 2/CC2511/Assignment 2/Code/Kinetis/Project_Settings/Linker_Files" -Wl,-Map,"Kinetis.map" -specs=nano.specs -specs=nosys.specs -o "Kinetis.elf"  ./Static_Code/System/CPU_Init.o ./Static_Code/System/Peripherals_Init.o ./Static_Code/System/Vectors.o  ./Sources/Events.o ./Sources/main.o  ./Project_Settings/Startup_Code/startup.o  ./Generated_Code/ASerialLdd1.o ./Generated_Code/Cpu.o ./Generated_Code/ExtIntLdd1.o ./Generated_Code/GreenPWM.o ./Generated_Code/Inhr1.o ./Generated_Code/PE_LDD.o ./Generated_Code/Pins1.o ./Generated_Code/PwmLdd1.o ./Generated_Code/PwmLdd2.o ./Generated_Code/RedPWM.o ./Generated_Code/TU1.o ./Generated_Code/Terminal.o ./Generated_Code/fault.o   
Finished building target: Kinetis.elf
 
10:17:26 **** Incremental Build of configuration Debug for project Kinetis ****
make all 
Building file: ../Sources/main.c
Invoking: Cross ARM C Compiler
arm-none-eabi-gcc -mcpu=cortex-m4 -mthumb -mfloat-abi=hard -mfpu=fpv4-sp-d16 -O0 -fmessage-length=0 -fsigned-char -ffunction-sections -fdata-sections  -g3 -I"C:/Users/Will/Desktop/Uni/Year 2/SP 2/CC2511/Assignment 2/Code/Kinetis/Static_Code/System" -I"C:/Users/Will/Desktop/Uni/Year 2/SP 2/CC2511/Assignment 2/Code/Kinetis/Static_Code/PDD" -I"C:/Users/Will/Desktop/Uni/Year 2/SP 2/CC2511/Assignment 2/Code/Kinetis/Static_Code/IO_Map" -I"C:\Freescale\KDS_v3\eclipse\ProcessorExpert/lib/Kinetis/pdd/inc" -I"C:/Users/Will/Desktop/Uni/Year 2/SP 2/CC2511/Assignment 2/Code/Kinetis/Sources" -I"C:/Users/Will/Desktop/Uni/Year 2/SP 2/CC2511/Assignment 2/Code/Kinetis/Generated_Code" -std=c99 -MMD -MP -MF"Sources/main.d" -MT"Sources/main.o" -c -o "Sources/main.o" "../Sources/main.c"
../Sources/main.c: In function 'main':
../Sources/main.c:92:4: warning: passing argument 1 of 'Terminal_SendStr' discards 'volatile' qualifier from pointer target type [enabled by default]
    Terminal_SendStr(buffer);
    ^
In file included from ../Sources/Events.h:44:0,
                 from ../Sources/main.c:31:
C:/Users/Will/Desktop/Uni/Year 2/SP 2/CC2511/Assignment 2/Code/Kinetis/Generated_Code/Terminal.h:135:6: note: expected 'void *' but argument is of type 'volatile char *'
 void Terminal_SendStr(void *str);
      ^
../Sources/main.c:93:21: warning: multi-character character constant [-Wmultichar]
    Terminal_SendStr('\r\n');
                     ^
../Sources/main.c:93:4: warning: passing argument 1 of 'Terminal_SendStr' makes pointer from integer without a cast [enabled by default]
    Terminal_SendStr('\r\n');
    ^
In file included from ../Sources/Events.h:44:0,
                 from ../Sources/main.c:31:
C:/Users/Will/Desktop/Uni/Year 2/SP 2/CC2511/Assignment 2/Code/Kinetis/Generated_Code/Terminal.h:135:6: note: expected 'void *' but argument is of type 'int'
 void Terminal_SendStr(void *str);
      ^
Finished building: ../Sources/main.c
 
Building target: Kinetis.elf
Invoking: Cross ARM C++ Linker
arm-none-eabi-g++ -mcpu=cortex-m4 -mthumb -mfloat-abi=hard -mfpu=fpv4-sp-d16 -O0 -fmessage-length=0 -fsigned-char -ffunction-sections -fdata-sections  -g3 -T "C:/Users/Will/Desktop/Uni/Year 2/SP 2/CC2511/Assignment 2/Code/Kinetis/Project_Settings/Linker_Files/ProcessorExpert.ld" -Xlinker --gc-sections -L"C:/Users/Will/Desktop/Uni/Year 2/SP 2/CC2511/Assignment 2/Code/Kinetis/Project_Settings/Linker_Files" -Wl,-Map,"Kinetis.map" -specs=nano.specs -specs=nosys.specs -o "Kinetis.elf"  ./Static_Code/System/CPU_Init.o ./Static_Code/System/Peripherals_Init.o ./Static_Code/System/Vectors.o  ./Sources/Events.o ./Sources/main.o  ./Project_Settings/Startup_Code/startup.o  ./Generated_Code/ASerialLdd1.o ./Generated_Code/Cpu.o ./Generated_Code/ExtIntLdd1.o ./Generated_Code/GreenPWM.o ./Generated_Code/Inhr1.o ./Generated_Code/PE_LDD.o ./Generated_Code/Pins1.o ./Generated_Code/PwmLdd1.o ./Generated_Code/PwmLdd2.o ./Generated_Code/RedPWM.o ./Generated_Code/TU1.o ./Generated_Code/Terminal.o ./Generated_Code/fault.o   
Finished building target: Kinetis.elf
 
10:18:30 **** Incremental Build of configuration Debug for project Kinetis ****
make all 
Building file: ../Sources/main.c
Invoking: Cross ARM C Compiler
arm-none-eabi-gcc -mcpu=cortex-m4 -mthumb -mfloat-abi=hard -mfpu=fpv4-sp-d16 -O0 -fmessage-length=0 -fsigned-char -ffunction-sections -fdata-sections  -g3 -I"C:/Users/Will/Desktop/Uni/Year 2/SP 2/CC2511/Assignment 2/Code/Kinetis/Static_Code/System" -I"C:/Users/Will/Desktop/Uni/Year 2/SP 2/CC2511/Assignment 2/Code/Kinetis/Static_Code/PDD" -I"C:/Users/Will/Desktop/Uni/Year 2/SP 2/CC2511/Assignment 2/Code/Kinetis/Static_Code/IO_Map" -I"C:\Freescale\KDS_v3\eclipse\ProcessorExpert/lib/Kinetis/pdd/inc" -I"C:/Users/Will/Desktop/Uni/Year 2/SP 2/CC2511/Assignment 2/Code/Kinetis/Sources" -I"C:/Users/Will/Desktop/Uni/Year 2/SP 2/CC2511/Assignment 2/Code/Kinetis/Generated_Code" -std=c99 -MMD -MP -MF"Sources/main.d" -MT"Sources/main.o" -c -o "Sources/main.o" "../Sources/main.c"
../Sources/main.c: In function 'main':
../Sources/main.c:92:4: warning: passing argument 1 of 'Terminal_SendStr' discards 'volatile' qualifier from pointer target type [enabled by default]
    Terminal_SendStr(buffer);
    ^
In file included from ../Sources/Events.h:44:0,
                 from ../Sources/main.c:31:
C:/Users/Will/Desktop/Uni/Year 2/SP 2/CC2511/Assignment 2/Code/Kinetis/Generated_Code/Terminal.h:135:6: note: expected 'void *' but argument is of type 'volatile char *'
 void Terminal_SendStr(void *str);
      ^
Finished building: ../Sources/main.c
 
Building target: Kinetis.elf
Invoking: Cross ARM C++ Linker
arm-none-eabi-g++ -mcpu=cortex-m4 -mthumb -mfloat-abi=hard -mfpu=fpv4-sp-d16 -O0 -fmessage-length=0 -fsigned-char -ffunction-sections -fdata-sections  -g3 -T "C:/Users/Will/Desktop/Uni/Year 2/SP 2/CC2511/Assignment 2/Code/Kinetis/Project_Settings/Linker_Files/ProcessorExpert.ld" -Xlinker --gc-sections -L"C:/Users/Will/Desktop/Uni/Year 2/SP 2/CC2511/Assignment 2/Code/Kinetis/Project_Settings/Linker_Files" -Wl,-Map,"Kinetis.map" -specs=nano.specs -specs=nosys.specs -o "Kinetis.elf"  ./Static_Code/System/CPU_Init.o ./Static_Code/System/Peripherals_Init.o ./Static_Code/System/Vectors.o  ./Sources/Events.o ./Sources/main.o  ./Project_Settings/Startup_Code/startup.o  ./Generated_Code/ASerialLdd1.o ./Generated_Code/Cpu.o ./Generated_Code/ExtIntLdd1.o ./Generated_Code/GreenPWM.o ./Generated_Code/Inhr1.o ./Generated_Code/PE_LDD.o ./Generated_Code/Pins1.o ./Generated_Code/PwmLdd1.o ./Generated_Code/PwmLdd2.o ./Generated_Code/RedPWM.o ./Generated_Code/TU1.o ./Generated_Code/Terminal.o ./Generated_Code/fault.o   
Finished building target: Kinetis.elf
 
10:20:23 **** Incremental Build of configuration Debug for project Kinetis ****
make all 
Building file: ../Sources/main.c
Invoking: Cross ARM C Compiler
arm-none-eabi-gcc -mcpu=cortex-m4 -mthumb -mfloat-abi=hard -mfpu=fpv4-sp-d16 -O0 -fmessage-length=0 -fsigned-char -ffunction-sections -fdata-sections  -g3 -I"C:/Users/Will/Desktop/Uni/Year 2/SP 2/CC2511/Assignment 2/Code/Kinetis/Static_Code/System" -I"C:/Users/Will/Desktop/Uni/Year 2/SP 2/CC2511/Assignment 2/Code/Kinetis/Static_Code/PDD" -I"C:/Users/Will/Desktop/Uni/Year 2/SP 2/CC2511/Assignment 2/Code/Kinetis/Static_Code/IO_Map" -I"C:\Freescale\KDS_v3\eclipse\ProcessorExpert/lib/Kinetis/pdd/inc" -I"C:/Users/Will/Desktop/Uni/Year 2/SP 2/CC2511/Assignment 2/Code/Kinetis/Sources" -I"C:/Users/Will/Desktop/Uni/Year 2/SP 2/CC2511/Assignment 2/Code/Kinetis/Generated_Code" -std=c99 -MMD -MP -MF"Sources/main.d" -MT"Sources/main.o" -c -o "Sources/main.o" "../Sources/main.c"
../Sources/main.c: In function 'main':
../Sources/main.c:94:4: warning: passing argument 1 of 'Terminal_SendStr' discards 'volatile' qualifier from pointer target type [enabled by default]
    Terminal_SendStr(buffer);
    ^
In file included from ../Sources/Events.h:44:0,
                 from ../Sources/main.c:31:
C:/Users/Will/Desktop/Uni/Year 2/SP 2/CC2511/Assignment 2/Code/Kinetis/Generated_Code/Terminal.h:135:6: note: expected 'void *' but argument is of type 'volatile char *'
 void Terminal_SendStr(void *str);
      ^
Finished building: ../Sources/main.c
 
Building target: Kinetis.elf
Invoking: Cross ARM C++ Linker
arm-none-eabi-g++ -mcpu=cortex-m4 -mthumb -mfloat-abi=hard -mfpu=fpv4-sp-d16 -O0 -fmessage-length=0 -fsigned-char -ffunction-sections -fdata-sections  -g3 -T "C:/Users/Will/Desktop/Uni/Year 2/SP 2/CC2511/Assignment 2/Code/Kinetis/Project_Settings/Linker_Files/ProcessorExpert.ld" -Xlinker --gc-sections -L"C:/Users/Will/Desktop/Uni/Year 2/SP 2/CC2511/Assignment 2/Code/Kinetis/Project_Settings/Linker_Files" -Wl,-Map,"Kinetis.map" -specs=nano.specs -specs=nosys.specs -o "Kinetis.elf"  ./Static_Code/System/CPU_Init.o ./Static_Code/System/Peripherals_Init.o ./Static_Code/System/Vectors.o  ./Sources/Events.o ./Sources/main.o  ./Project_Settings/Startup_Code/startup.o  ./Generated_Code/ASerialLdd1.o ./Generated_Code/Cpu.o ./Generated_Code/ExtIntLdd1.o ./Generated_Code/GreenPWM.o ./Generated_Code/Inhr1.o ./Generated_Code/PE_LDD.o ./Generated_Code/Pins1.o ./Generated_Code/PwmLdd1.o ./Generated_Code/PwmLdd2.o ./Generated_Code/RedPWM.o ./Generated_Code/TU1.o ./Generated_Code/Terminal.o ./Generated_Code/fault.o   
Finished building target: Kinetis.elf
 
10:23:24 **** Incremental Build of configuration Debug for project Kinetis ****
make all 
make: Nothing to be done for 'all'.
10:23:37 **** Incremental Build of configuration Debug for project Kinetis ****
make all 
make: Nothing to be done for 'all'.
